<?xml version="1.0" encoding="UTF-8"?>
<!-- Generated by org.testng.reporters.JUnitReportReporter -->
<testsuite hostname="LAPTOP-N7HJO66S" failures="0" tests="1" name="tests.postExamples" time="3.687" errors="0" timestamp="2023-04-18T11:51:07 IST" skipped="0">
  <testcase classname="tests.postExamples" name="testPost" time="3.687"/>
  <system-out/>
</testsuite> <!-- tests.postExamples -->
