<?xml version="1.0" encoding="UTF-8"?>
<!-- Generated by org.testng.reporters.JUnitReportReporter -->
<testsuite hostname="LAPTOP-N7HJO66S" failures="0" tests="3" name="tests.testExample" time="4.019" errors="0" timestamp="2023-04-18T11:16:44 IST" skipped="0">
  <testcase classname="tests.testExample" name="test_3" time="0.177"/>
  <system-out/>
  <testcase classname="tests.testExample" name="test_1" time="2.499"/>
  <system-out/>
  <testcase classname="tests.testExample" name="test_2" time="1.343"/>
  <system-out/>
</testsuite> <!-- tests.testExample -->
