<?xml version="1.0" encoding="UTF-8"?>
<!-- Generated by org.testng.reporters.JUnitReportReporter -->
<testsuite hostname="LAPTOP-N7HJO66S" failures="0" tests="1" name="tests.putExamples" time="3.815" errors="0" timestamp="2023-04-18T12:25:57 IST" skipped="0">
  <testcase classname="tests.putExamples" name="testPut" time="3.815"/>
  <system-out/>
</testsuite> <!-- tests.putExamples -->
