<?xml version="1.0" encoding="UTF-8"?>
<!-- Generated by org.testng.reporters.JUnitReportReporter -->
<testsuite hostname="LAPTOP-N7HJO66S" failures="0" tests="1" name="tests.deleteExamples" time="2.616" errors="0" timestamp="2023-04-27T12:01:09 IST" skipped="0">
  <testcase classname="tests.deleteExamples" name="testDelete" time="2.616"/>
  <system-out/>
</testsuite> <!-- tests.deleteExamples -->
