<?xml version="1.0" encoding="UTF-8"?>
<!-- Generated by org.testng.reporters.JUnitReportReporter -->
<testsuite hostname="LAPTOP-N7HJO66S" failures="0" tests="1" name="tests.patchExamples" time="3.413" errors="0" timestamp="2023-04-18T12:29:58 IST" skipped="0">
  <testcase classname="tests.patchExamples" name="testPatch" time="3.413"/>
  <system-out/>
</testsuite> <!-- tests.patchExamples -->
